<?xml version="1.0" encoding="UTF-8"?>
<!-- Generated by org.testng.reporters.JUnitXMLReporter -->
<testsuite hostname="NODE167" name="Test1" tests="2" failures="1" timestamp="6 Sep 2016 18:07:53 GMT" time="94.229" errors="0">
  <testcase name="Homepage" time="60.921" classname="com.gspann.RodanTest"/>
  <testcase name="consultant" time="10.432" classname="com.gspann.RodanTest">
    <failure type="java.lang.NullPointerException">
      <![CDATA[java.lang.NullPointerException
	at com.gspann.RodanConsultant.<init>(RodanConsultant.java:13)
	at com.gspann.RodanTest.consultant(RodanTest.java:82)
	at java.util.concurrent.FutureTask.run(Unknown Source)
	at java.util.concurrent.ThreadPoolExecutor.runWorker(Unknown Source)
	at java.util.concurrent.ThreadPoolExecutor$Worker.run(Unknown Source)
	at java.lang.Thread.run(Unknown Source)
... Removed 16 stack frames]]>
    </failure>
  </testcase> <!-- consultant -->
</testsuite> <!-- Test1 -->
