<?xml version="1.0" encoding="UTF-8"?>
<!-- Generated by org.testng.reporters.JUnitXMLReporter -->
<testsuite hostname="NODE167" name="Test2" tests="2" failures="2" timestamp="6 Sep 2016 18:07:26 GMT" time="66.732" errors="0">
  <testcase name="Homepage" time="44.498" classname="com.gspann.RodanTest">
    <failure type="org.openqa.selenium.ElementNotVisibleException" message="Element is not currently visible and so may not be interacted with
Command duration or timeout: 40.10 seconds
Build info: version: &amp;apos;2.53.0&amp;apos;, revision: &amp;apos;35ae25b1534ae328c771e0856c93e187490ca824&amp;apos;, time: &amp;apos;2016-03-15 10:43:46&amp;apos;
System info: host: &amp;apos;NODE167&amp;apos;, ip: &amp;apos;192.168.1.103&amp;apos;, os.name: &amp;apos;Windows 8.1&amp;apos;, os.arch: &amp;apos;amd64&amp;apos;, os.version: &amp;apos;6.3&amp;apos;, java.version: &amp;apos;1.7.0_79&amp;apos;
Session ID: 1f4a406d-0f28-44ca-95fd-8e601412d9dd
Driver info: org.openqa.selenium.firefox.FirefoxDriver
Capabilities [{platform=WINDOWS, acceptSslCerts=true, javascriptEnabled=true, cssSelectorsEnabled=true, databaseEnabled=true, browserName=firefox, handlesAlerts=true, nativeEvents=false, webStorageEnabled=true, rotatable=false, locationContextEnabled=true, applicationCacheEnabled=true, takesScreenshot=true, version=43.0.1}]">
      <![CDATA[org.openqa.selenium.ElementNotVisibleException: Element is not currently visible and so may not be interacted with
Command duration or timeout: 40.10 seconds
Build info: version: '2.53.0', revision: '35ae25b1534ae328c771e0856c93e187490ca824', time: '2016-03-15 10:43:46'
System info: host: 'NODE167', ip: '192.168.1.103', os.name: 'Windows 8.1', os.arch: 'amd64', os.version: '6.3', java.version: '1.7.0_79'
Session ID: 1f4a406d-0f28-44ca-95fd-8e601412d9dd
Driver info: org.openqa.selenium.firefox.FirefoxDriver
Capabilities [{platform=WINDOWS, acceptSslCerts=true, javascriptEnabled=true, cssSelectorsEnabled=true, databaseEnabled=true, browserName=firefox, handlesAlerts=true, nativeEvents=false, webStorageEnabled=true, rotatable=false, locationContextEnabled=true, applicationCacheEnabled=true, takesScreenshot=true, version=43.0.1}]
	at org.openqa.selenium.remote.ErrorHandler.createThrowable(ErrorHandler.java:206)
	at org.openqa.selenium.remote.ErrorHandler.throwIfResponseFailed(ErrorHandler.java:158)
	at org.openqa.selenium.remote.RemoteWebDriver.execute(RemoteWebDriver.java:678)
	at org.openqa.selenium.remote.RemoteWebElement.execute(RemoteWebElement.java:327)
	at org.openqa.selenium.remote.RemoteWebElement.click(RemoteWebElement.java:85)
	at com.gspann.RodanClass.clickallProduct(RodanClass.java:46)
	at com.gspann.RodanTest.Homepage(RodanTest.java:48)
	at java.util.concurrent.FutureTask.run(Unknown Source)
	at java.util.concurrent.ThreadPoolExecutor.runWorker(Unknown Source)
	at java.util.concurrent.ThreadPoolExecutor$Worker.run(Unknown Source)
	at java.lang.Thread.run(Unknown Source)
Caused by: org.openqa.selenium.ElementNotVisibleException: Element is not currently visible and so may not be interacted with
Build info: version: '2.53.0', revision: '35ae25b1534ae328c771e0856c93e187490ca824', time: '2016-03-15 10:43:46'
System info: host: 'NODE167', ip: '192.168.1.103', os.name: 'Windows 8.1', os.arch: 'amd64', os.version: '6.3', java.version: '1.7.0_79'
Driver info: driver.version: unknown
	at <anonymous class>.fxdriver.preconditions.visible(file:///C:/Users/User/AppData/Local/Temp/anonymous8978154236914968419webdriver-profile/extensions/fxdriver@googlecode.com/components/command-processor.js:10092)
	at <anonymous class>.DelayedCommand.prototype.checkPreconditions_(file:///C:/Users/User/AppData/Local/Temp/anonymous8978154236914968419webdriver-profile/extensions/fxdriver@googlecode.com/components/command-processor.js:12644)
	at <anonymous class>.DelayedCommand.prototype.executeInternal_/h(file:///C:/Users/User/AppData/Local/Temp/anonymous8978154236914968419webdriver-profile/extensions/fxdriver@googlecode.com/components/command-processor.js:12661)
	at <anonymous class>.fxdriver.Timer.prototype.setTimeout/<.notify(file:///C:/Users/User/AppData/Local/Temp/anonymous8978154236914968419webdriver-profile/extensions/fxdriver@googlecode.com/components/command-processor.js:625)
... Removed 20 stack frames]]>
    </failure>
  </testcase> <!-- Homepage -->
  <testcase name="consultant" time="10.499" classname="com.gspann.RodanTest">
    <failure type="java.lang.NullPointerException">
      <![CDATA[java.lang.NullPointerException
	at com.gspann.RodanConsultant.<init>(RodanConsultant.java:13)
	at com.gspann.RodanTest.consultant(RodanTest.java:82)
	at java.util.concurrent.FutureTask.run(Unknown Source)
	at java.util.concurrent.ThreadPoolExecutor.runWorker(Unknown Source)
	at java.util.concurrent.ThreadPoolExecutor$Worker.run(Unknown Source)
	at java.lang.Thread.run(Unknown Source)
... Removed 16 stack frames]]>
    </failure>
  </testcase> <!-- consultant -->
</testsuite> <!-- Test2 -->
