<?xml version="1.0" encoding="UTF-8"?>
<testsuite name="TestSuite" time="86.817" tests="4" errors="0" skipped="0" failures="3">
  <properties>
[...]
</properties>
  <testcase name="Homepage" classname="com.gspann.RodanTest" time="38.319">
    <failure message="Element is not currently visible and so may not be interacted with&#10;Command duration or timeout: 40.10 seconds&#10;Build info: version: &apos;2.53.0&apos;, revision: &apos;35ae25b1534ae328c771e0856c93e187490ca824&apos;, time: &apos;2016-03-15 10:43:46&apos;&#10;System info: host: &apos;NODE167&apos;, ip: &apos;192.168.1.103&apos;, os.name: &apos;Windows 8.1&apos;, os.arch: &apos;amd64&apos;, os.version: &apos;6.3&apos;, java.version: &apos;1.7.0_79&apos;&#10;Session ID: 1f4a406d-0f28-44ca-95fd-8e601412d9dd&#10;Driver info: org.openqa.selenium.firefox.FirefoxDriver&#10;Capabilities [{platform=WINDOWS, acceptSslCerts=true, javascriptEnabled=true, cssSelectorsEnabled=true, databaseEnabled=true, browserName=firefox, handlesAlerts=true, nativeEvents=false, webStorageEnabled=true, rotatable=false, locationContextEnabled=true, applicationCacheEnabled=true, takesScreenshot=true, version=43.0.1}]" type="org.openqa.selenium.ElementNotVisibleException"><![CDATA[org.openqa.selenium.ElementNotVisibleException: Element is not currently visible and so may not be interacted with
Command duration or timeout: 40.10 seconds
Build info: version: '2.53.0', revision: '35ae25b1534ae328c771e0856c93e187490ca824', time: '2016-03-15 10:43:46'
System info: host: 'NODE167', ip: '192.168.1.103', os.name: 'Windows 8.1', os.arch: 'amd64', os.version: '6.3', java.version: '1.7.0_79'
Session ID: 1f4a406d-0f28-44ca-95fd-8e601412d9dd
Driver info: org.openqa.selenium.firefox.FirefoxDriver
Capabilities [{platform=WINDOWS, acceptSslCerts=true, javascriptEnabled=true, cssSelectorsEnabled=true, databaseEnabled=true, browserName=firefox, handlesAlerts=true, nativeEvents=false, webStorageEnabled=true, rotatable=false, locationContextEnabled=true, applicationCacheEnabled=true, takesScreenshot=true, version=43.0.1}]
	at sun.reflect.NativeConstructorAccessorImpl.newInstance0(Native Method)
	at sun.reflect.NativeConstructorAccessorImpl.newInstance(Unknown Source)
	at sun.reflect.DelegatingConstructorAccessorImpl.newInstance(Unknown Source)
	at java.lang.reflect.Constructor.newInstance(Unknown Source)
	at org.openqa.selenium.remote.ErrorHandler.createThrowable(ErrorHandler.java:206)
	at org.openqa.selenium.remote.ErrorHandler.throwIfResponseFailed(ErrorHandler.java:158)
	at org.openqa.selenium.remote.RemoteWebDriver.execute(RemoteWebDriver.java:678)
	at org.openqa.selenium.remote.RemoteWebElement.execute(RemoteWebElement.java:327)
	at org.openqa.selenium.remote.RemoteWebElement.click(RemoteWebElement.java:85)
	at com.gspann.RodanClass.clickallProduct(RodanClass.java:46)
	at com.gspann.RodanTest.Homepage(RodanTest.java:48)
Caused by: org.openqa.selenium.ElementNotVisibleException: Element is not currently visible and so may not be interacted with
Build info: version: '2.53.0', revision: '35ae25b1534ae328c771e0856c93e187490ca824', time: '2016-03-15 10:43:46'
System info: host: 'NODE167', ip: '192.168.1.103', os.name: 'Windows 8.1', os.arch: 'amd64', os.version: '6.3', java.version: '1.7.0_79'
Driver info: driver.version: unknown
	at <anonymous class>.fxdriver.preconditions.visible(file:///C:/Users/User/AppData/Local/Temp/anonymous8978154236914968419webdriver-profile/extensions/fxdriver@googlecode.com/components/command-processor.js:10092)
	at <anonymous class>.DelayedCommand.prototype.checkPreconditions_(file:///C:/Users/User/AppData/Local/Temp/anonymous8978154236914968419webdriver-profile/extensions/fxdriver@googlecode.com/components/command-processor.js:12644)
	at <anonymous class>.DelayedCommand.prototype.executeInternal_/h(file:///C:/Users/User/AppData/Local/Temp/anonymous8978154236914968419webdriver-profile/extensions/fxdriver@googlecode.com/components/command-processor.js:12661)
	at <anonymous class>.fxdriver.Timer.prototype.setTimeout/<.notify(file:///C:/Users/User/AppData/Local/Temp/anonymous8978154236914968419webdriver-profile/extensions/fxdriver@googlecode.com/components/command-processor.js:625)
]]></failure>
    <system-out><![CDATA[onTestStart-Test2
onTestStart-Test1
onTestStart-Homepage
done1
done2
onTestStart-Homepage
done1
done2
done3
Refine By dropdown is clicked
redefine checkbox clicked
refineByDropdown is clicked
onTestSuccess-Homepage
]]></system-out>
  </testcase>
  <testcase name="consultant" classname="com.gspann.RodanTest" time="10.504">
    <failure type="java.lang.NullPointerException:"><![CDATA[java.lang.NullPointerException: null
	at com.gspann.RodanConsultant.<init>(RodanConsultant.java:13)
	at com.gspann.RodanTest.consultant(RodanTest.java:82)
]]></failure>
    <system-out><![CDATA[onTestStart-consultant
onTestSuccess-consultant
]]></system-out>
  </testcase>
  <testcase name="Homepage" classname="com.gspann.RodanTest" time="27.561"/>
  <testcase name="consultant" classname="com.gspann.RodanTest" time="10.433">
    <failure type="java.lang.NullPointerException:"><![CDATA[java.lang.NullPointerException: null
	at com.gspann.RodanConsultant.<init>(RodanConsultant.java:13)
	at com.gspann.RodanTest.consultant(RodanTest.java:82)
]]></failure>
    <system-out><![CDATA[onTestStart-consultant
onTestSuccess-consultant
]]></system-out>
  </testcase>
</testsuite>