<?xml version="1.0" encoding="UTF-8"?>
<testng-results skipped="1" failed="0" total="1" passed="0">
  <reporter-output>
  </reporter-output>
  <suite name="Default suite" duration-ms="66" started-at="2016-09-06T18:05:12Z" finished-at="2016-09-06T18:05:12Z">
    <groups>
    </groups>
    <test name="Default test" duration-ms="66" started-at="2016-09-06T18:05:12Z" finished-at="2016-09-06T18:05:12Z">
      <class name="com.gspann.RodanTest">
        <test-method status="FAIL" signature="startup(java.lang.String)[pri:0, instance:com.gspann.RodanTest@483ee0b7]" name="startup" is-config="true" duration-ms="0" started-at="2016-09-06T23:35:12Z" finished-at="2016-09-06T23:35:12Z">
          <exception class="org.testng.TestNGException">
            <message>
              <![CDATA[
Parameter 'browser' is required by @Configuration on method startup but has not been marked @Optional or defined
in C:\Users\User\AppData\Local\Temp\testng-eclipse--1239038269\testng-customsuite.xml]]>
            </message>
            <full-stacktrace>
              <![CDATA[org.testng.TestNGException: 
Parameter 'browser' is required by @Configuration on method startup but has not been marked @Optional or defined
in C:\Users\User\AppData\Local\Temp\testng-eclipse--1239038269\testng-customsuite.xml
	at org.testng.internal.Parameters.createParameters(Parameters.java:154)
	at org.testng.internal.Parameters.createParameters(Parameters.java:361)
	at org.testng.internal.Parameters.createConfigurationParameters(Parameters.java:84)
	at org.testng.internal.Invoker.invokeConfigurations(Invoker.java:201)
	at org.testng.internal.Invoker.invokeConfigurations(Invoker.java:142)
	at org.testng.TestRunner.beforeRun(TestRunner.java:656)
	at org.testng.TestRunner.run(TestRunner.java:624)
	at org.testng.SuiteRunner.runTest(SuiteRunner.java:366)
	at org.testng.SuiteRunner.runSequentially(SuiteRunner.java:361)
	at org.testng.SuiteRunner.privateRun(SuiteRunner.java:319)
	at org.testng.SuiteRunner.run(SuiteRunner.java:268)
	at org.testng.SuiteRunnerWorker.runSuite(SuiteRunnerWorker.java:52)
	at org.testng.SuiteRunnerWorker.run(SuiteRunnerWorker.java:86)
	at org.testng.TestNG.runSuitesSequentially(TestNG.java:1244)
	at org.testng.TestNG.runSuitesLocally(TestNG.java:1169)
	at org.testng.TestNG.run(TestNG.java:1064)
	at org.testng.remote.AbstractRemoteTestNG.run(AbstractRemoteTestNG.java:126)
	at org.testng.remote.RemoteTestNG.initAndRun(RemoteTestNG.java:152)
	at org.testng.remote.RemoteTestNG.main(RemoteTestNG.java:57)
]]>
            </full-stacktrace>
          </exception> <!-- org.testng.TestNGException -->
          <reporter-output>
          </reporter-output>
        </test-method> <!-- startup -->
        <test-method status="SKIP" signature="consultant()[pri:2, instance:com.gspann.RodanTest@483ee0b7]" name="consultant" duration-ms="12" started-at="2016-09-06T23:35:12Z" finished-at="2016-09-06T23:35:12Z">
          <reporter-output>
          </reporter-output>
        </test-method> <!-- consultant -->
      </class> <!-- com.gspann.RodanTest -->
    </test> <!-- Default test -->
  </suite> <!-- Default suite -->
</testng-results>
